<?xml version="1.0" encoding="UTF-8"?>
<!-- Generated by org.testng.reporters.JUnitXMLReporter -->
<testsuite hostname="IHL-8F1RYX1" ignored="0" name="test1" tests="3" failures="0" timestamp="17 Dec 2020 09:59:03 GMT" time="137.113" errors="0">
  <testcase name="loginm" time="23.046" classname="in.amazon.tests.TestLogin"/>
  <testcase name="afterProductAdd" time="17.831" classname="in.amazon.tests.TestLogin"/>
  <testcase name="saveForLater" time="44.261" classname="in.amazon.tests.TestLogin"/>
</testsuite> <!-- test1 -->
